<?xml version="1.0" encoding="UTF-8"?>
<testng-results skipped="0" failed="0" ignored="0" total="1" passed="1">
  <reporter-output>
  </reporter-output>
  <suite name="Default suite" duration-ms="3651" started-at="2021-03-01T04:14:26Z" finished-at="2021-03-01T04:14:29Z">
    <groups>
    </groups>
    <test name="Default test" duration-ms="3651" started-at="2021-03-01T04:14:26Z" finished-at="2021-03-01T04:14:29Z">
      <class name="testCase.Put_Or_Update_A_Product">
        <test-method status="PASS" signature="Update_A_Product()[pri:0, instance:testCase.Put_Or_Update_A_Product@78aab498]" name="Update_A_Product" duration-ms="3585" started-at="2021-03-01T04:14:26Z" finished-at="2021-03-01T04:14:29Z">
          <reporter-output>
          </reporter-output>
        </test-method> <!-- Update_A_Product -->
      </class> <!-- testCase.Put_Or_Update_A_Product -->
    </test> <!-- Default test -->
  </suite> <!-- Default suite -->
</testng-results>
